<?xml version="1.0" encoding="UTF-8"?>
<testsuite xmlns:xsi="http://www.w3.org/2001/XMLSchema-instance" xsi:noNamespaceSchemaLocation="https://maven.apache.org/surefire/maven-surefire-plugin/xsd/surefire-test-report.xsd" version="3.0.2" name="com.mottu.trackyard.TrackyardApplicationTests" time="5.959" tests="1" errors="0" skipped="0" failures="0">
  <properties>
[...]
</properties>
  <testcase name="contextLoads" classname="com.mottu.trackyard.TrackyardApplicationTests" time="0.478">
    <system-out><![CDATA[19:18:50.986 [main] INFO org.springframework.test.context.support.AnnotationConfigContextLoaderUtils -- Could not detect default configuration classes for test class [com.mottu.trackyard.TrackyardApplicationTests]: TrackyardApplicationTests does not declare any static, non-private, non-final, nested classes annotated with @Configuration.
19:18:51.084 [main] INFO org.springframework.boot.test.context.SpringBootTestContextBootstrapper -- Found @SpringBootConfiguration com.mottu.trackyard.TrackyardApplication for test class com.mottu.trackyard.TrackyardApplicationTests
19:18:51.270 [main] INFO org.springframework.boot.devtools.restart.RestartApplicationListener -- Restart disabled due to context in which it is running

  .   ____          _            __ _ _
 /\\ / ___'_ __ _ _(_)_ __  __ _ \ \ \ \
( ( )\___ | '_ | '_| | '_ \/ _` | \ \ \ \
 \\/  ___)| |_)| | | | | || (_| |  ) ) ) )
  '  |____| .__|_| |_|_| |_\__, | / / / /
 =========|_|==============|___/=/_/_/_/

 :: Spring Boot ::                (v3.4.5)

2025-09-01T19:18:51.551-03:00  INFO 22732 --- [           main] c.m.trackyard.TrackyardApplicationTests  : Starting TrackyardApplicationTests using Java 21.0.8 with PID 22732 (started by lbhsg in C:\Users\lbhsg\OneDrive\Área de Trabalho\Sprint1Java\trackyard)
2025-09-01T19:18:51.551-03:00  INFO 22732 --- [           main] c.m.trackyard.TrackyardApplicationTests  : No active profile set, falling back to 1 default profile: "default"
2025-09-01T19:18:52.446-03:00  INFO 22732 --- [           main] .s.d.r.c.RepositoryConfigurationDelegate : Bootstrapping Spring Data JPA repositories in DEFAULT mode.
2025-09-01T19:18:52.509-03:00  INFO 22732 --- [           main] .s.d.r.c.RepositoryConfigurationDelegate : Finished Spring Data repository scanning in 57 ms. Found 4 JPA repository interfaces.
2025-09-01T19:18:53.177-03:00  INFO 22732 --- [           main] o.hibernate.jpa.internal.util.LogHelper  : HHH000204: Processing PersistenceUnitInfo [name: default]
2025-09-01T19:18:53.225-03:00  INFO 22732 --- [           main] org.hibernate.Version                    : HHH000412: Hibernate ORM core version 6.6.13.Final
2025-09-01T19:18:53.288-03:00  INFO 22732 --- [           main] o.h.c.internal.RegionFactoryInitiator    : HHH000026: Second-level cache disabled
2025-09-01T19:18:53.685-03:00  INFO 22732 --- [           main] o.s.o.j.p.SpringPersistenceUnitInfo      : No LoadTimeWeaver setup: ignoring JPA class transformer
2025-09-01T19:18:53.732-03:00  INFO 22732 --- [           main] com.zaxxer.hikari.HikariDataSource       : HikariPool-1 - Starting...
2025-09-01T19:18:53.860-03:00  INFO 22732 --- [           main] com.zaxxer.hikari.pool.HikariPool        : HikariPool-1 - Added connection conn0: url=jdbc:h2:mem:trackyard user=SA
2025-09-01T19:18:53.860-03:00  INFO 22732 --- [           main] com.zaxxer.hikari.HikariDataSource       : HikariPool-1 - Start completed.
2025-09-01T19:18:53.876-03:00  WARN 22732 --- [           main] org.hibernate.orm.deprecation            : HHH90000025: H2Dialect does not need to be specified explicitly using 'hibernate.dialect' (remove the property setting and it will be selected by default)
2025-09-01T19:18:53.892-03:00  INFO 22732 --- [           main] org.hibernate.orm.connections.pooling    : HHH10001005: Database info:
	Database JDBC URL [Connecting through datasource 'HikariDataSource (HikariPool-1)']
	Database driver: undefined/unknown
	Database version: 2.3.232
	Autocommit mode: undefined/unknown
	Isolation level: undefined/unknown
	Minimum pool size: undefined/unknown
	Maximum pool size: undefined/unknown
2025-09-01T19:18:54.607-03:00  INFO 22732 --- [           main] o.h.e.t.j.p.i.JtaPlatformInitiator       : HHH000489: No JTA platform available (set 'hibernate.transaction.jta.platform' to enable JTA platform integration)
Hibernate: create table motos (id_moto varchar(50) not null, modelo varchar(100) not null, placa varchar(10) not null, primary key (id_moto))
Hibernate: create table movimentacoes (id_movimentacao bigint generated by default as identity, data_hora timestamp(6), id_moto varchar(50), id_ponto bigint, primary key (id_movimentacao))
Hibernate: create table patios (id_patio bigint not null, endereco varchar(200), nome varchar(100) not null, telefone varchar(20), primary key (id_patio))
Hibernate: create table pontos_leitura (id_ponto bigint not null, descricao varchar(200), nome_ponto varchar(50) not null, id_patio bigint not null, primary key (id_ponto))
Hibernate: alter table if exists motos drop constraint if exists UKl5cd4rndkxst1215jjcoodhrd
Hibernate: alter table if exists motos add constraint UKl5cd4rndkxst1215jjcoodhrd unique (placa)
Hibernate: alter table if exists movimentacoes add constraint FKqagrp4bw2y75w272cpw2obncs foreign key (id_moto) references motos
Hibernate: alter table if exists movimentacoes add constraint FKdsorj9wtao3a06ky29v8j53nn foreign key (id_ponto) references pontos_leitura
Hibernate: alter table if exists pontos_leitura add constraint FK4fp0kqecji2x046v7b8skr1eb foreign key (id_patio) references patios
2025-09-01T19:18:54.655-03:00  INFO 22732 --- [           main] j.LocalContainerEntityManagerFactoryBean : Initialized JPA EntityManagerFactory for persistence unit 'default'
2025-09-01T19:18:55.554-03:00  WARN 22732 --- [           main] JpaBaseConfiguration$JpaWebConfiguration : spring.jpa.open-in-view is enabled by default. Therefore, database queries may be performed during view rendering. Explicitly configure spring.jpa.open-in-view to disable this warning
2025-09-01T19:18:56.038-03:00  INFO 22732 --- [           main] o.s.b.a.h2.H2ConsoleAutoConfiguration    : H2 console available at '/h2-console'. Database available at 'jdbc:h2:mem:trackyard'
2025-09-01T19:18:56.197-03:00  INFO 22732 --- [           main] .w.s.a.s.AnnotationActionEndpointMapping : Supporting [WS-Addressing August 2004, WS-Addressing 1.0]
2025-09-01T19:18:56.277-03:00  INFO 22732 --- [           main] c.m.trackyard.TrackyardApplicationTests  : Started TrackyardApplicationTests in 5.028 seconds (process running for 6.037)
]]></system-out>
    <system-err><![CDATA[Mockito is currently self-attaching to enable the inline-mock-maker. This will no longer work in future releases of the JDK. Please add Mockito as an agent to your build what is described in Mockito's documentation: https://javadoc.io/doc/org.mockito/mockito-core/latest/org/mockito/Mockito.html#0.3
WARNING: A Java agent has been loaded dynamically (C:\Users\lbhsg\.m2\repository\net\bytebuddy\byte-buddy-agent\1.15.11\byte-buddy-agent-1.15.11.jar)
WARNING: If a serviceability tool is in use, please run with -XX:+EnableDynamicAgentLoading to hide this warning
WARNING: If a serviceability tool is not in use, please run with -Djdk.instrument.traceUsage for more information
WARNING: Dynamic loading of agents will be disallowed by default in a future release
]]></system-err>
  </testcase>
</testsuite>